<?xml version="1.0" encoding="UTF-8"?>
<testsuite name="com.study.toDoList.MemberControllerTest" tests="1" skipped="0" failures="0" errors="0" timestamp="2023-12-24T10:04:50" hostname="DESKTOP-0MB4VHB" time="0.247">
  <properties/>
  <testcase name="회원의 모든 할일 가져오기 테스트" classname="com.study.toDoList.MemberControllerTest" time="0.247"/>
  <system-out><![CDATA[19:04:46.284 [Test worker] DEBUG org.springframework.test.context.BootstrapUtils - Instantiating CacheAwareContextLoaderDelegate from class [org.springframework.test.context.cache.DefaultCacheAwareContextLoaderDelegate]
19:04:46.298 [Test worker] DEBUG org.springframework.test.context.BootstrapUtils - Instantiating BootstrapContext using constructor [public org.springframework.test.context.support.DefaultBootstrapContext(java.lang.Class,org.springframework.test.context.CacheAwareContextLoaderDelegate)]
19:04:46.343 [Test worker] DEBUG org.springframework.test.context.BootstrapUtils - Instantiating TestContextBootstrapper for test class [com.study.toDoList.MemberControllerTest] from class [org.springframework.boot.test.autoconfigure.web.servlet.WebMvcTestContextBootstrapper]
19:04:46.364 [Test worker] INFO org.springframework.boot.test.autoconfigure.web.servlet.WebMvcTestContextBootstrapper - Neither @ContextConfiguration nor @ContextHierarchy found for test class [com.study.toDoList.MemberControllerTest], using SpringBootContextLoader
19:04:46.370 [Test worker] DEBUG org.springframework.test.context.support.AbstractContextLoader - Did not detect default resource location for test class [com.study.toDoList.MemberControllerTest]: class path resource [com/study/toDoList/MemberControllerTest-context.xml] does not exist
19:04:46.370 [Test worker] DEBUG org.springframework.test.context.support.AbstractContextLoader - Did not detect default resource location for test class [com.study.toDoList.MemberControllerTest]: class path resource [com/study/toDoList/MemberControllerTestContext.groovy] does not exist
19:04:46.371 [Test worker] INFO org.springframework.test.context.support.AbstractContextLoader - Could not detect default resource locations for test class [com.study.toDoList.MemberControllerTest]: no resource found for suffixes {-context.xml, Context.groovy}.
19:04:46.371 [Test worker] INFO org.springframework.test.context.support.AnnotationConfigContextLoaderUtils - Could not detect default configuration classes for test class [com.study.toDoList.MemberControllerTest]: MemberControllerTest does not declare any static, non-private, non-final, nested classes annotated with @Configuration.
19:04:46.460 [Test worker] DEBUG org.springframework.test.context.support.ActiveProfilesUtils - Could not find an 'annotation declaring class' for annotation type [org.springframework.test.context.ActiveProfiles] and class [com.study.toDoList.MemberControllerTest]
19:04:46.564 [Test worker] DEBUG org.springframework.context.annotation.ClassPathScanningCandidateComponentProvider - Identified candidate component class: file [C:\Users\hen71\Desktop\project\server-todolist\build\classes\java\main\com\study\toDoList\ToDoListApplication.class]
19:04:46.566 [Test worker] INFO org.springframework.boot.test.context.SpringBootTestContextBootstrapper - Found @SpringBootConfiguration com.study.toDoList.ToDoListApplication for test class com.study.toDoList.MemberControllerTest
19:04:46.571 [Test worker] DEBUG org.springframework.boot.test.autoconfigure.web.servlet.WebMvcTestContextBootstrapper - @TestExecutionListeners is not present for class [com.study.toDoList.MemberControllerTest]: using defaults.
19:04:46.572 [Test worker] INFO org.springframework.boot.test.autoconfigure.web.servlet.WebMvcTestContextBootstrapper - Loaded default TestExecutionListener class names from location [META-INF/spring.factories]: [org.springframework.security.test.context.support.WithSecurityContextTestExecutionListener, org.springframework.security.test.context.support.ReactorContextTestExecutionListener, org.springframework.boot.test.autoconfigure.restdocs.RestDocsTestExecutionListener, org.springframework.boot.test.autoconfigure.web.client.MockRestServiceServerResetTestExecutionListener, org.springframework.boot.test.autoconfigure.web.servlet.MockMvcPrintOnlyOnFailureTestExecutionListener, org.springframework.boot.test.autoconfigure.web.servlet.WebDriverTestExecutionListener, org.springframework.boot.test.autoconfigure.webservices.client.MockWebServiceServerTestExecutionListener, org.springframework.boot.test.mock.mockito.MockitoTestExecutionListener, org.springframework.boot.test.mock.mockito.ResetMocksTestExecutionListener, org.springframework.test.context.web.ServletTestExecutionListener, org.springframework.test.context.support.DirtiesContextBeforeModesTestExecutionListener, org.springframework.test.context.event.ApplicationEventsTestExecutionListener, org.springframework.test.context.support.DependencyInjectionTestExecutionListener, org.springframework.test.context.support.DirtiesContextTestExecutionListener, org.springframework.test.context.transaction.TransactionalTestExecutionListener, org.springframework.test.context.jdbc.SqlScriptsTestExecutionListener, org.springframework.test.context.event.EventPublishingTestExecutionListener]
19:04:46.603 [Test worker] INFO org.springframework.boot.test.autoconfigure.web.servlet.WebMvcTestContextBootstrapper - Using TestExecutionListeners: [org.springframework.test.context.web.ServletTestExecutionListener@117e0fe5, org.springframework.test.context.support.DirtiesContextBeforeModesTestExecutionListener@18a3962d, org.springframework.test.context.event.ApplicationEventsTestExecutionListener@78aea4b9, org.springframework.boot.test.mock.mockito.MockitoTestExecutionListener@2a65bb85, org.springframework.boot.test.autoconfigure.SpringBootDependencyInjectionTestExecutionListener@4b85880b, org.springframework.test.context.support.DirtiesContextTestExecutionListener@4f936da8, org.springframework.test.context.transaction.TransactionalTestExecutionListener@4215838f, org.springframework.test.context.jdbc.SqlScriptsTestExecutionListener@452ba1db, org.springframework.security.test.context.support.WithSecurityContextTestExecutionListener@2289aca5, org.springframework.test.context.event.EventPublishingTestExecutionListener@76a36b71, org.springframework.security.test.context.support.ReactorContextTestExecutionListener@184497d1, org.springframework.boot.test.autoconfigure.restdocs.RestDocsTestExecutionListener@f9d87b, org.springframework.boot.test.autoconfigure.web.client.MockRestServiceServerResetTestExecutionListener@6ffab045, org.springframework.boot.test.autoconfigure.web.servlet.MockMvcPrintOnlyOnFailureTestExecutionListener@26fb628, org.springframework.boot.test.autoconfigure.web.servlet.WebDriverTestExecutionListener@3e2943ab, org.springframework.boot.test.autoconfigure.webservices.client.MockWebServiceServerTestExecutionListener@70dd7e15, org.springframework.boot.test.mock.mockito.ResetMocksTestExecutionListener@4a9f80d3]
19:04:46.609 [Test worker] DEBUG org.springframework.test.context.support.AbstractDirtiesContextTestExecutionListener - Before test class: context [DefaultTestContext@29a60c27 testClass = MemberControllerTest, testInstance = [null], testMethod = [null], testException = [null], mergedContextConfiguration = [WebMergedContextConfiguration@1849db1a testClass = MemberControllerTest, locations = '{}', classes = '{class com.study.toDoList.ToDoListApplication}', contextInitializerClasses = '[]', activeProfiles = '{}', propertySourceLocations = '{}', propertySourceProperties = '{org.springframework.boot.test.autoconfigure.web.servlet.WebMvcTestContextBootstrapper=true}', contextCustomizers = set[org.springframework.boot.test.autoconfigure.OverrideAutoConfigurationContextCustomizerFactory$DisableAutoConfigurationContextCustomizer@4af0df05, org.springframework.boot.test.autoconfigure.actuate.metrics.MetricsExportContextCustomizerFactory$DisableMetricExportContextCustomizer@2ceb80a1, org.springframework.boot.test.autoconfigure.filter.TypeExcludeFiltersContextCustomizer@4d508ed, org.springframework.boot.test.autoconfigure.properties.PropertyMappingContextCustomizer@172a11eb, org.springframework.boot.test.autoconfigure.web.servlet.WebDriverContextCustomizerFactory$Customizer@4c5474f5, [ImportsContextCustomizer@69c79f09 key = [org.springframework.boot.autoconfigure.cache.CacheAutoConfiguration, org.springframework.boot.autoconfigure.context.MessageSourceAutoConfiguration, org.springframework.boot.autoconfigure.data.web.SpringDataWebAutoConfiguration, org.springframework.boot.autoconfigure.freemarker.FreeMarkerAutoConfiguration, org.springframework.boot.autoconfigure.groovy.template.GroovyTemplateAutoConfiguration, org.springframework.boot.autoconfigure.gson.GsonAutoConfiguration, org.springframework.boot.autoconfigure.hateoas.HypermediaAutoConfiguration, org.springframework.boot.autoconfigure.http.HttpMessageConvertersAutoConfiguration, org.springframework.boot.autoconfigure.jackson.JacksonAutoConfiguration, org.springframework.boot.autoconfigure.jsonb.JsonbAutoConfiguration, org.springframework.boot.autoconfigure.mustache.MustacheAutoConfiguration, org.springframework.boot.autoconfigure.task.TaskExecutionAutoConfiguration, org.springframework.boot.autoconfigure.thymeleaf.ThymeleafAutoConfiguration, org.springframework.boot.autoconfigure.validation.ValidationAutoConfiguration, org.springframework.boot.autoconfigure.web.servlet.error.ErrorMvcAutoConfiguration, org.springframework.boot.autoconfigure.web.servlet.HttpEncodingAutoConfiguration, org.springframework.boot.autoconfigure.web.servlet.WebMvcAutoConfiguration, org.springframework.boot.test.autoconfigure.web.servlet.MockMvcAutoConfiguration, org.springframework.boot.test.autoconfigure.web.servlet.MockMvcWebClientAutoConfiguration, org.springframework.boot.test.autoconfigure.web.servlet.MockMvcWebDriverAutoConfiguration, org.springframework.boot.autoconfigure.security.oauth2.client.servlet.OAuth2ClientAutoConfiguration, org.springframework.boot.autoconfigure.security.oauth2.resource.servlet.OAuth2ResourceServerAutoConfiguration, org.springframework.boot.autoconfigure.security.servlet.SecurityAutoConfiguration, org.springframework.boot.autoconfigure.security.servlet.SecurityFilterAutoConfiguration, org.springframework.boot.autoconfigure.security.servlet.UserDetailsServiceAutoConfiguration, org.springframework.boot.test.autoconfigure.web.servlet.MockMvcSecurityConfiguration, org.springframework.boot.test.autoconfigure.web.reactive.WebTestClientAutoConfiguration, com.study.toDoList.TestSecurityConfig]], org.springframework.boot.test.context.filter.ExcludeFilterContextCustomizer@47c4ecdc, org.springframework.boot.test.json.DuplicateJsonObjectContextCustomizerFactory$DuplicateJsonObjectContextCustomizer@4b7e96a, org.springframework.boot.test.mock.mockito.MockitoContextCustomizer@d02c931, org.springframework.boot.test.context.SpringBootTestArgs@1, org.springframework.boot.test.context.SpringBootTestWebEnvironment@0], resourceBasePath = 'src/main/webapp', contextLoader = 'org.springframework.boot.test.context.SpringBootContextLoader', parent = [null]], attributes = map[[empty]]], class annotated with @DirtiesContext [false] with mode [null].

  .   ____          _            __ _ _
 /\\ / ___'_ __ _ _(_)_ __  __ _ \ \ \ \
( ( )\___ | '_ | '_| | '_ \/ _` | \ \ \ \
 \\/  ___)| |_)| | | | | || (_| |  ) ) ) )
  '  |____| .__|_| |_|_| |_\__, | / / / /
 =========|_|==============|___/=/_/_/_/
 :: Spring Boot ::               (v2.7.16)

2023-12-24 19:04:47.099  INFO 16668 --- [    Test worker] com.study.toDoList.MemberControllerTest  : Starting MemberControllerTest using Java 17.0.2 on DESKTOP-0MB4VHB with PID 16668 (started by hen71 in C:\Users\hen71\Desktop\project\server-todolist)
2023-12-24 19:04:47.101  INFO 16668 --- [    Test worker] com.study.toDoList.MemberControllerTest  : No active profile set, falling back to 1 default profile: "default"
2023-12-24 19:04:48.800  WARN 16668 --- [    Test worker] .s.s.UserDetailsServiceAutoConfiguration : 

Using generated security password: 1eb97af1-ffc2-4a34-9513-b244efad3029

This generated password is for development use only. Your security configuration must be updated before running your application in production.

2023-12-24 19:04:49.036  INFO 16668 --- [    Test worker] o.s.s.web.DefaultSecurityFilterChain     : Will secure any request with [org.springframework.security.web.session.DisableEncodeUrlFilter@1b4a3a1, org.springframework.security.web.context.request.async.WebAsyncManagerIntegrationFilter@7e848aea, org.springframework.security.web.context.SecurityContextPersistenceFilter@2b682e9, org.springframework.security.web.header.HeaderWriterFilter@19bf47fc, org.springframework.security.web.authentication.logout.LogoutFilter@5d3f99d7, org.springframework.security.web.savedrequest.RequestCacheAwareFilter@e2b3026, org.springframework.security.web.servletapi.SecurityContextHolderAwareRequestFilter@2e2b9f53, org.springframework.security.web.authentication.AnonymousAuthenticationFilter@786a3477, org.springframework.security.web.session.SessionManagementFilter@2fb082ff, org.springframework.security.web.access.ExceptionTranslationFilter@656ec00d, org.springframework.security.web.access.intercept.AuthorizationFilter@2ab9e43e]
2023-12-24 19:04:50.409  INFO 16668 --- [    Test worker] o.s.b.t.m.w.SpringBootMockServletContext : Initializing Spring TestDispatcherServlet ''
2023-12-24 19:04:50.410  INFO 16668 --- [    Test worker] o.s.t.web.servlet.TestDispatcherServlet  : Initializing Servlet ''
2023-12-24 19:04:50.411  INFO 16668 --- [    Test worker] o.s.t.web.servlet.TestDispatcherServlet  : Completed initialization in 1 ms
2023-12-24 19:04:50.447  INFO 16668 --- [    Test worker] com.study.toDoList.MemberControllerTest  : Started MemberControllerTest in 3.79 seconds (JVM running for 5.146)
2023-12-24 19:04:50.568  INFO 16668 --- [    Test worker] c.s.t.controller.MemberController        : 회원의 모든 할일 호출 회원id:123

MockHttpServletRequest:
      HTTP Method = GET
      Request URI = /api/members/tasks
       Parameters = {}
          Headers = [Authentication:"my_json_token"]
             Body = null
    Session Attrs = {SPRING_SECURITY_CONTEXT=SecurityContextImpl [Authentication=UsernamePasswordAuthenticationToken [Principal=org.springframework.security.core.userdetails.User [Username=user, Password=[PROTECTED], Enabled=true, AccountNonExpired=true, credentialsNonExpired=true, AccountNonLocked=true, Granted Authorities=[ROLE_USER]], Credentials=[PROTECTED], Authenticated=true, Details=null, Granted Authorities=[ROLE_USER]]]}

Handler:
             Type = com.study.toDoList.controller.MemberController
           Method = com.study.toDoList.controller.MemberController#getAllTask(String)

Async:
    Async started = false
     Async result = null

Resolved Exception:
             Type = null

ModelAndView:
        View name = null
             View = null
            Model = null

FlashMap:
       Attributes = null

MockHttpServletResponse:
           Status = 200
    Error message = null
          Headers = [Content-Type:"application/json", X-Content-Type-Options:"nosniff", X-XSS-Protection:"1; mode=block", Cache-Control:"no-cache, no-store, max-age=0, must-revalidate", Pragma:"no-cache", Expires:"0", X-Frame-Options:"DENY"]
     Content type = application/json
             Body = [{"id":null,"title":"test1","isFinished":false,"memberId":null,"createDate":null,"modifiedDate":null},{"id":null,"title":"test2","isFinished":false,"memberId":null,"createDate":null,"modifiedDate":null}]
    Forwarded URL = null
   Redirected URL = null
          Cookies = []
]]></system-out>
  <system-err><![CDATA[]]></system-err>
</testsuite>
